mode: set
FindByFlic/dbdelegate/dcartDel.go:58.62,61.30 3 1
FindByFlic/dbdelegate/dcartDel.go:91.2,91.16 1 1
FindByFlic/dbdelegate/dcartDel.go:61.30,62.26 1 1
FindByFlic/dbdelegate/dcartDel.go:65.3,68.20 4 1
FindByFlic/dbdelegate/dcartDel.go:62.26,64.4 1 0
FindByFlic/dbdelegate/dcartDel.go:68.20,70.25 2 1
FindByFlic/dbdelegate/dcartDel.go:70.25,73.19 3 1
FindByFlic/dbdelegate/dcartDel.go:76.5,80.13 5 1
FindByFlic/dbdelegate/dcartDel.go:73.19,75.6 1 0
FindByFlic/dbdelegate/dcartDel.go:81.10,88.5 6 1
FindByFlic/dbdelegate/dcartDel.go:95.56,97.27 2 1
FindByFlic/dbdelegate/dcartDel.go:119.2,119.12 1 1
FindByFlic/dbdelegate/dcartDel.go:97.27,98.26 1 1
FindByFlic/dbdelegate/dcartDel.go:101.3,104.20 4 1
FindByFlic/dbdelegate/dcartDel.go:98.26,100.4 1 0
FindByFlic/dbdelegate/dcartDel.go:104.20,106.25 2 1
FindByFlic/dbdelegate/dcartDel.go:106.25,109.19 3 1
FindByFlic/dbdelegate/dcartDel.go:112.5,115.15 4 1
FindByFlic/dbdelegate/dcartDel.go:109.19,111.6 1 0
FindByFlic/dbdelegate/dcartDel.go:123.56,124.25 1 1
FindByFlic/dbdelegate/dcartDel.go:127.2,131.19 5 1
FindByFlic/dbdelegate/dcartDel.go:152.2,152.13 1 1
FindByFlic/dbdelegate/dcartDel.go:124.25,126.3 1 0
FindByFlic/dbdelegate/dcartDel.go:131.19,139.17 7 1
FindByFlic/dbdelegate/dcartDel.go:139.17,141.4 1 0
FindByFlic/dbdelegate/dcartDel.go:141.9,143.4 1 1
FindByFlic/dbdelegate/dcartDel.go:155.47,159.19 4 1
FindByFlic/dbdelegate/dcartDel.go:171.2,171.12 1 1
FindByFlic/dbdelegate/dcartDel.go:159.19,164.17 5 1
FindByFlic/dbdelegate/dcartDel.go:167.3,167.20 1 1
FindByFlic/dbdelegate/dcartDel.go:164.17,166.4 1 0
FindByFlic/dbdelegate/dcartDel.go:167.20,169.4 1 1
