mode: set
FindByFlic/handlers/handleDcart.go:39.76,59.2 1 1
FindByFlic/handlers/handleDcart.go:62.77,65.2 2 0
FindByFlic/handlers/handleDcart.go:68.73,71.16 3 1
FindByFlic/handlers/handleDcart.go:77.2,79.33 3 1
FindByFlic/handlers/handleDcart.go:71.16,73.3 1 0
FindByFlic/handlers/handleDcart.go:73.8,75.3 1 1
FindByFlic/handlers/handleDcart.go:79.33,81.3 1 0
FindByFlic/handlers/handleDcart.go:81.8,93.34 3 1
FindByFlic/handlers/handleDcart.go:99.3,100.17 2 1
FindByFlic/handlers/handleDcart.go:103.3,104.10 2 1
FindByFlic/handlers/handleDcart.go:93.34,95.4 1 1
FindByFlic/handlers/handleDcart.go:95.9,95.38 1 1
FindByFlic/handlers/handleDcart.go:95.38,97.4 1 1
FindByFlic/handlers/handleDcart.go:100.17,102.4 1 0
FindByFlic/handlers/handleDcart.go:104.10,106.4 1 1
FindByFlic/handlers/handleDcart.go:106.9,108.4 1 0
FindByFlic/handlers/handleDcart.go:113.78,121.2 6 1
FindByFlic/handlers/handleDcart.go:124.80,133.2 7 1
FindByFlic/handlers/handleDcart.go:136.78,154.17 7 1
FindByFlic/handlers/handleDcart.go:157.2,163.61 3 1
FindByFlic/handlers/handleDcart.go:154.17,156.3 1 1
FindByFlic/handlers/handleDcart.go:167.85,184.19 9 1
FindByFlic/handlers/handleDcart.go:202.2,202.65 1 1
FindByFlic/handlers/handleDcart.go:184.19,190.3 3 1
FindByFlic/handlers/handler.go:64.88,66.16 2 1
FindByFlic/handlers/handler.go:70.2,70.16 1 1
FindByFlic/handlers/handler.go:66.16,69.3 2 1
FindByFlic/handlers/handler.go:74.71,82.17 8 1
FindByFlic/handlers/handler.go:95.2,101.50 4 1
FindByFlic/handlers/handler.go:82.17,84.3 1 1
